-------------------------------------------------------------------------------
Test set: com.junitPoc.hello_junit.MVPerrorHandlerTest
-------------------------------------------------------------------------------
Tests run: 1, Failures: 0, Errors: 1, Skipped: 0, Time elapsed: 9.079 sec <<< FAILURE!
testHappyPath(com.junitPoc.hello_junit.MVPerrorHandlerTest)  Time elapsed: 0.314 sec  <<< ERROR!
org.camunda.bpm.engine.ProcessEngineException: Unknown property used in expression: ${info.implementationType == "Alternative Path"}. Cause: Cannot resolve identifier 'info'
	at org.camunda.bpm.engine.impl.el.JuelExpression.getValue(JuelExpression.java:63)
	at org.camunda.bpm.engine.impl.el.UelExpressionCondition.evaluate(UelExpressionCondition.java:50)
	at org.camunda.bpm.engine.impl.el.UelExpressionCondition.evaluate(UelExpressionCondition.java:45)
	at org.camunda.bpm.engine.impl.bpmn.behavior.ExclusiveGatewayActivityBehavior.doLeave(ExclusiveGatewayActivityBehavior.java:64)
	at org.camunda.bpm.engine.impl.pvm.runtime.operation.PvmAtomicOperationActivityLeave.execute(PvmAtomicOperationActivityLeave.java:56)
	at org.camunda.bpm.engine.impl.pvm.runtime.operation.PvmAtomicOperationActivityLeave.execute(PvmAtomicOperationActivityLeave.java:32)
	at org.camunda.bpm.engine.impl.interceptor.AtomicOperationInvocation.execute(AtomicOperationInvocation.java:99)
	at org.camunda.bpm.engine.impl.interceptor.CommandInvocationContext.invokeNext(CommandInvocationContext.java:131)
	at org.camunda.bpm.engine.impl.interceptor.CommandInvocationContext.performNext(CommandInvocationContext.java:111)
	at org.camunda.bpm.engine.impl.interceptor.CommandInvocationContext.performOperation(CommandInvocationContext.java:86)
	at org.camunda.bpm.engine.impl.persistence.entity.ExecutionEntity.performOperation(ExecutionEntity.java:634)
	at org.camunda.bpm.engine.impl.persistence.entity.ExecutionEntity.performOperation(ExecutionEntity.java:608)
	at org.camunda.bpm.engine.impl.pvm.runtime.PvmExecutionImpl$6.callback(PvmExecutionImpl.java:1978)
	at org.camunda.bpm.engine.impl.pvm.runtime.PvmExecutionImpl$6.callback(PvmExecutionImpl.java:1975)
	at org.camunda.bpm.engine.impl.pvm.runtime.PvmExecutionImpl.continueExecutionIfNotCanceled(PvmExecutionImpl.java:2045)
	at org.camunda.bpm.engine.impl.pvm.runtime.PvmExecutionImpl.dispatchDelayedEventsAndPerformOperation(PvmExecutionImpl.java:1994)
	at org.camunda.bpm.engine.impl.pvm.runtime.PvmExecutionImpl.dispatchDelayedEventsAndPerformOperation(PvmExecutionImpl.java:1975)
	at org.camunda.bpm.engine.impl.bpmn.behavior.FlowNodeActivityBehavior.leave(FlowNodeActivityBehavior.java:52)
	at org.camunda.bpm.engine.impl.bpmn.behavior.FlowNodeActivityBehavior.execute(FlowNodeActivityBehavior.java:44)
	at org.camunda.bpm.engine.impl.pvm.runtime.operation.PvmAtomicOperationActivityExecute$2.callback(PvmAtomicOperationActivityExecute.java:61)
	at org.camunda.bpm.engine.impl.pvm.runtime.operation.PvmAtomicOperationActivityExecute$2.callback(PvmAtomicOperationActivityExecute.java:50)
	at org.camunda.bpm.engine.impl.pvm.runtime.PvmExecutionImpl.continueIfExecutionDoesNotAffectNextOperation(PvmExecutionImpl.java:2039)
	at org.camunda.bpm.engine.impl.pvm.runtime.operation.PvmAtomicOperationActivityExecute.execute(PvmAtomicOperationActivityExecute.java:42)
	at org.camunda.bpm.engine.impl.pvm.runtime.operation.PvmAtomicOperationActivityExecute.execute(PvmAtomicOperationActivityExecute.java:31)
	at org.camunda.bpm.engine.impl.interceptor.AtomicOperationInvocation.execute(AtomicOperationInvocation.java:99)
	at org.camunda.bpm.engine.impl.interceptor.CommandInvocationContext.invokeNext(CommandInvocationContext.java:131)
	at org.camunda.bpm.engine.impl.interceptor.CommandInvocationContext.performNext(CommandInvocationContext.java:111)
	at org.camunda.bpm.engine.impl.interceptor.CommandInvocationContext.performOperation(CommandInvocationContext.java:86)
	at org.camunda.bpm.engine.impl.persistence.entity.ExecutionEntity.performOperation(ExecutionEntity.java:634)
	at org.camunda.bpm.engine.impl.persistence.entity.ExecutionEntity.performOperation(ExecutionEntity.java:608)
	at org.camunda.bpm.engine.impl.pvm.runtime.PvmExecutionImpl$6.callback(PvmExecutionImpl.java:1978)
	at org.camunda.bpm.engine.impl.pvm.runtime.PvmExecutionImpl$6.callback(PvmExecutionImpl.java:1975)
	at org.camunda.bpm.engine.impl.pvm.runtime.PvmExecutionImpl.continueExecutionIfNotCanceled(PvmExecutionImpl.java:2045)
	at org.camunda.bpm.engine.impl.pvm.runtime.PvmExecutionImpl.dispatchDelayedEventsAndPerformOperation(PvmExecutionImpl.java:1994)
	at org.camunda.bpm.engine.impl.pvm.runtime.PvmExecutionImpl.dispatchDelayedEventsAndPerformOperation(PvmExecutionImpl.java:1975)
	at org.camunda.bpm.engine.impl.pvm.runtime.operation.PvmAtomicOperationTransitionNotifyListenerStart.eventNotificationsCompleted(PvmAtomicOperationTransitionNotifyListenerStart.java:60)
	at org.camunda.bpm.engine.impl.pvm.runtime.operation.PvmAtomicOperationTransitionNotifyListenerStart.eventNotificationsCompleted(PvmAtomicOperationTransitionNotifyListenerStart.java:30)
	at org.camunda.bpm.engine.impl.core.operation.AbstractEventAtomicOperation.execute(AbstractEventAtomicOperation.java:66)
	at org.camunda.bpm.engine.impl.interceptor.AtomicOperationInvocation.execute(AtomicOperationInvocation.java:99)
	at org.camunda.bpm.engine.impl.interceptor.CommandInvocationContext.invokeNext(CommandInvocationContext.java:131)
	at org.camunda.bpm.engine.impl.interceptor.CommandInvocationContext.performNext(CommandInvocationContext.java:111)
	at org.camunda.bpm.engine.impl.interceptor.CommandInvocationContext.performOperation(CommandInvocationContext.java:86)
	at org.camunda.bpm.engine.impl.interceptor.CommandInvocationContext.performOperation(CommandInvocationContext.java:76)
	at org.camunda.bpm.engine.impl.persistence.entity.ExecutionEntity.performOperationSync(ExecutionEntity.java:643)
	at org.camunda.bpm.engine.impl.persistence.entity.ExecutionEntity.performOperationSync(ExecutionEntity.java:618)
	at org.camunda.bpm.engine.impl.core.operation.AbstractEventAtomicOperation.execute(AbstractEventAtomicOperation.java:62)
	at org.camunda.bpm.engine.impl.interceptor.AtomicOperationInvocation.execute(AtomicOperationInvocation.java:99)
	at org.camunda.bpm.engine.impl.interceptor.CommandInvocationContext.invokeNext(CommandInvocationContext.java:131)
	at org.camunda.bpm.engine.impl.interceptor.CommandInvocationContext.performNext(CommandInvocationContext.java:111)
	at org.camunda.bpm.engine.impl.interceptor.CommandInvocationContext.performOperation(CommandInvocationContext.java:86)
	at org.camunda.bpm.engine.impl.interceptor.CommandInvocationContext.performOperation(CommandInvocationContext.java:76)
	at org.camunda.bpm.engine.impl.persistence.entity.ExecutionEntity.performOperationSync(ExecutionEntity.java:643)
	at org.camunda.bpm.engine.impl.persistence.entity.ExecutionEntity.performOperationSync(ExecutionEntity.java:618)
	at org.camunda.bpm.engine.impl.core.operation.AbstractEventAtomicOperation.execute(AbstractEventAtomicOperation.java:62)
	at org.camunda.bpm.engine.impl.interceptor.AtomicOperationInvocation.execute(AtomicOperationInvocation.java:99)
	at org.camunda.bpm.engine.impl.interceptor.CommandInvocationContext.invokeNext(CommandInvocationContext.java:131)
	at org.camunda.bpm.engine.impl.interceptor.CommandInvocationContext.performNext(CommandInvocationContext.java:111)
	at org.camunda.bpm.engine.impl.interceptor.CommandInvocationContext.performOperation(CommandInvocationContext.java:86)
	at org.camunda.bpm.engine.impl.interceptor.CommandInvocationContext.performOperation(CommandInvocationContext.java:76)
	at org.camunda.bpm.engine.impl.persistence.entity.ExecutionEntity.performOperationSync(ExecutionEntity.java:643)
	at org.camunda.bpm.engine.impl.persistence.entity.ExecutionEntity.performOperationSync(ExecutionEntity.java:618)
	at org.camunda.bpm.engine.impl.core.operation.AbstractEventAtomicOperation.execute(AbstractEventAtomicOperation.java:62)
	at org.camunda.bpm.engine.impl.interceptor.AtomicOperationInvocation.execute(AtomicOperationInvocation.java:99)
	at org.camunda.bpm.engine.impl.interceptor.CommandInvocationContext.invokeNext(CommandInvocationContext.java:131)
	at org.camunda.bpm.engine.impl.interceptor.CommandInvocationContext.performNext(CommandInvocationContext.java:111)
	at org.camunda.bpm.engine.impl.interceptor.CommandInvocationContext.performOperation(CommandInvocationContext.java:86)
	at org.camunda.bpm.engine.impl.persistence.entity.ExecutionEntity.performOperation(ExecutionEntity.java:634)
	at org.camunda.bpm.engine.impl.persistence.entity.ExecutionEntity.performOperation(ExecutionEntity.java:608)
	at org.camunda.bpm.engine.impl.pvm.runtime.operation.PvmAtomicOperationTransitionCreateScope.scopeCreated(PvmAtomicOperationTransitionCreateScope.java:38)
	at org.camunda.bpm.engine.impl.pvm.runtime.operation.PvmAtomicOperationCreateScope.execute(PvmAtomicOperationCreateScope.java:54)
	at org.camunda.bpm.engine.impl.pvm.runtime.operation.PvmAtomicOperationCreateScope.execute(PvmAtomicOperationCreateScope.java:28)
	at org.camunda.bpm.engine.impl.interceptor.AtomicOperationInvocation.execute(AtomicOperationInvocation.java:99)
	at org.camunda.bpm.engine.impl.interceptor.CommandInvocationContext.invokeNext(CommandInvocationContext.java:131)
	at org.camunda.bpm.engine.impl.interceptor.CommandInvocationContext.performNext(CommandInvocationContext.java:118)
	at org.camunda.bpm.engine.impl.interceptor.CommandInvocationContext$1.call(CommandInvocationContext.java:102)
	at org.camunda.bpm.engine.impl.interceptor.CommandInvocationContext$1.call(CommandInvocationContext.java:100)
	at org.camunda.bpm.engine.impl.context.ProcessApplicationClassloaderInterceptor.call(ProcessApplicationClassloaderInterceptor.java:48)
	at org.camunda.bpm.application.AbstractProcessApplication.execute(AbstractProcessApplication.java:121)
	at org.camunda.bpm.application.AbstractProcessApplication.execute(AbstractProcessApplication.java:132)
	at org.camunda.bpm.engine.impl.context.Context.executeWithinProcessApplication(Context.java:206)
	at org.camunda.bpm.engine.impl.interceptor.CommandInvocationContext.performNext(CommandInvocationContext.java:100)
	at org.camunda.bpm.engine.impl.interceptor.CommandInvocationContext.performOperation(CommandInvocationContext.java:86)
	at org.camunda.bpm.engine.impl.persistence.entity.ExecutionEntity.performOperation(ExecutionEntity.java:634)
	at org.camunda.bpm.engine.impl.persistence.entity.ExecutionEntity.performOperation(ExecutionEntity.java:608)
	at org.camunda.bpm.engine.impl.pvm.runtime.PvmExecutionImpl.start(PvmExecutionImpl.java:288)
	at org.camunda.bpm.engine.impl.persistence.entity.ExecutionEntity.start(ExecutionEntity.java:460)
	at org.camunda.bpm.engine.impl.pvm.runtime.PvmExecutionImpl.start(PvmExecutionImpl.java:264)
	at org.camunda.bpm.engine.impl.cmd.StartProcessInstanceCmd.execute(StartProcessInstanceCmd.java:66)
	at org.camunda.bpm.engine.impl.cmd.StartProcessInstanceCmd.execute(StartProcessInstanceCmd.java:38)
	at org.camunda.bpm.engine.impl.interceptor.CommandExecutorImpl.execute(CommandExecutorImpl.java:28)
	at org.camunda.bpm.engine.impl.interceptor.CommandContextInterceptor.execute(CommandContextInterceptor.java:110)
	at org.camunda.bpm.engine.spring.SpringTransactionInterceptor$1.doInTransaction(SpringTransactionInterceptor.java:72)
	at org.springframework.transaction.support.TransactionTemplate.execute(TransactionTemplate.java:140)
	at org.camunda.bpm.engine.spring.SpringTransactionInterceptor.execute(SpringTransactionInterceptor.java:70)
	at org.camunda.bpm.engine.impl.interceptor.ProcessApplicationContextInterceptor.execute(ProcessApplicationContextInterceptor.java:70)
	at org.camunda.bpm.engine.impl.interceptor.CommandCounterInterceptor.execute(CommandCounterInterceptor.java:35)
	at org.camunda.bpm.engine.impl.interceptor.LogInterceptor.execute(LogInterceptor.java:33)
	at org.camunda.bpm.engine.impl.ProcessInstantiationBuilderImpl.executeWithVariablesInReturn(ProcessInstantiationBuilderImpl.java:166)
	at org.camunda.bpm.engine.impl.ProcessInstantiationBuilderImpl.execute(ProcessInstantiationBuilderImpl.java:132)
	at org.camunda.bpm.engine.impl.ProcessInstantiationBuilderImpl.execute(ProcessInstantiationBuilderImpl.java:128)
	at org.camunda.bpm.engine.impl.RuntimeServiceImpl.startProcessInstanceByKey(RuntimeServiceImpl.java:88)
	at com.junitPoc.hello_junit.MVPerrorHandlerTest.testHappyPath(MVPerrorHandlerTest.java:83)
	at sun.reflect.NativeMethodAccessorImpl.invoke0(Native Method)
	at sun.reflect.NativeMethodAccessorImpl.invoke(NativeMethodAccessorImpl.java:62)
	at sun.reflect.DelegatingMethodAccessorImpl.invoke(DelegatingMethodAccessorImpl.java:43)
	at java.lang.reflect.Method.invoke(Method.java:498)
	at org.junit.runners.model.FrameworkMethod$1.runReflectiveCall(FrameworkMethod.java:59)
	at org.junit.internal.runners.model.ReflectiveCallable.run(ReflectiveCallable.java:12)
	at org.junit.runners.model.FrameworkMethod.invokeExplosively(FrameworkMethod.java:56)
	at org.junit.internal.runners.statements.InvokeMethod.evaluate(InvokeMethod.java:17)
	at org.springframework.test.context.junit4.statements.RunBeforeTestExecutionCallbacks.evaluate(RunBeforeTestExecutionCallbacks.java:74)
	at org.springframework.test.context.junit4.statements.RunAfterTestExecutionCallbacks.evaluate(RunAfterTestExecutionCallbacks.java:84)
	at org.junit.internal.runners.statements.RunBefores.evaluate(RunBefores.java:26)
	at org.springframework.test.context.junit4.statements.RunBeforeTestMethodCallbacks.evaluate(RunBeforeTestMethodCallbacks.java:75)
	at org.springframework.test.context.junit4.statements.RunAfterTestMethodCallbacks.evaluate(RunAfterTestMethodCallbacks.java:86)
	at org.junit.rules.TestWatcher$1.evaluate(TestWatcher.java:61)
	at org.camunda.bpm.engine.test.ProcessEngineRule$1.evaluate(ProcessEngineRule.java:176)
	at org.springframework.test.context.junit4.statements.SpringRepeat.evaluate(SpringRepeat.java:84)
	at org.junit.runners.ParentRunner.runLeaf(ParentRunner.java:366)
	at org.springframework.test.context.junit4.SpringJUnit4ClassRunner.runChild(SpringJUnit4ClassRunner.java:251)
	at org.springframework.test.context.junit4.SpringJUnit4ClassRunner.runChild(SpringJUnit4ClassRunner.java:97)
	at org.junit.runners.ParentRunner$4.run(ParentRunner.java:331)
	at org.junit.runners.ParentRunner$1.schedule(ParentRunner.java:79)
	at org.junit.runners.ParentRunner.runChildren(ParentRunner.java:329)
	at org.junit.runners.ParentRunner.access$100(ParentRunner.java:66)
	at org.junit.runners.ParentRunner$2.evaluate(ParentRunner.java:293)
	at org.springframework.test.context.junit4.statements.RunBeforeTestClassCallbacks.evaluate(RunBeforeTestClassCallbacks.java:61)
	at org.springframework.test.context.junit4.statements.RunAfterTestClassCallbacks.evaluate(RunAfterTestClassCallbacks.java:70)
	at org.junit.runners.ParentRunner$3.evaluate(ParentRunner.java:306)
	at org.junit.runners.ParentRunner.run(ParentRunner.java:413)
	at org.springframework.test.context.junit4.SpringJUnit4ClassRunner.run(SpringJUnit4ClassRunner.java:190)
	at org.apache.maven.surefire.junit4.JUnit4Provider.execute(JUnit4Provider.java:252)
	at org.apache.maven.surefire.junit4.JUnit4Provider.executeTestSet(JUnit4Provider.java:141)
	at org.apache.maven.surefire.junit4.JUnit4Provider.invoke(JUnit4Provider.java:112)
	at sun.reflect.NativeMethodAccessorImpl.invoke0(Native Method)
	at sun.reflect.NativeMethodAccessorImpl.invoke(NativeMethodAccessorImpl.java:62)
	at sun.reflect.DelegatingMethodAccessorImpl.invoke(DelegatingMethodAccessorImpl.java:43)
	at java.lang.reflect.Method.invoke(Method.java:498)
	at org.apache.maven.surefire.util.ReflectionUtils.invokeMethodWithArray(ReflectionUtils.java:189)
	at org.apache.maven.surefire.booter.ProviderFactory$ProviderProxy.invoke(ProviderFactory.java:165)
	at org.apache.maven.surefire.booter.ProviderFactory.invokeProvider(ProviderFactory.java:85)
	at org.apache.maven.surefire.booter.ForkedBooter.runSuitesInProcess(ForkedBooter.java:115)
	at org.apache.maven.surefire.booter.ForkedBooter.main(ForkedBooter.java:75)
Caused by: org.camunda.bpm.engine.impl.javax.el.PropertyNotFoundException: Cannot resolve identifier 'info'
	at org.camunda.bpm.engine.impl.juel.AstIdentifier.eval(AstIdentifier.java:83)
	at org.camunda.bpm.engine.impl.juel.AstProperty.eval(AstProperty.java:52)
	at org.camunda.bpm.engine.impl.juel.AstBinary$SimpleOperator.eval(AstBinary.java:27)
	at org.camunda.bpm.engine.impl.juel.AstBinary.eval(AstBinary.java:106)
	at org.camunda.bpm.engine.impl.juel.AstEval.eval(AstEval.java:50)
	at org.camunda.bpm.engine.impl.juel.AstNode.getValue(AstNode.java:26)
	at org.camunda.bpm.engine.impl.juel.TreeValueExpression.getValue(TreeValueExpression.java:114)
	at org.camunda.bpm.engine.impl.delegate.ExpressionGetInvocation.invoke(ExpressionGetInvocation.java:40)
	at org.camunda.bpm.engine.impl.delegate.DelegateInvocation.proceed(DelegateInvocation.java:58)
	at org.camunda.bpm.engine.impl.delegate.DefaultDelegateInterceptor.handleInvocationInContext(DefaultDelegateInterceptor.java:92)
	at org.camunda.bpm.engine.impl.delegate.DefaultDelegateInterceptor.handleInvocation(DefaultDelegateInterceptor.java:63)
	at org.camunda.bpm.engine.impl.el.JuelExpression.getValue(JuelExpression.java:60)
	... 142 more

