<?xml version="1.0" encoding="UTF-8" ?>
<testsuite tests="2" failures="2" name="com.junitPoc.hello_junit.ProcessUnitTest" time="0.232" errors="0" skipped="0">
  <properties>
[...]
</properties>
  <testcase classname="com.junitPoc.hello_junit.ProcessUnitTest" name="AlternativePath" time="0.182">
    <failure message="Expecting ProcessInstance {id=&apos;101&apos;, processDefinitionId=&apos;SomeFlowToTestProcess:1:3&apos;, businessKey=&apos;012&apos;} to be unfinished, but found that it already finished!" type="java.lang.AssertionError">java.lang.AssertionError: Expecting ProcessInstance {id=&apos;101&apos;, processDefinitionId=&apos;SomeFlowToTestProcess:1:3&apos;, businessKey=&apos;012&apos;} to be unfinished, but found that it already finished!
	at org.camunda.bpm.engine.test.assertions.bpmn.AbstractProcessAssert.getExistingCurrent(AbstractProcessAssert.java:71)
	at org.camunda.bpm.engine.test.assertions.bpmn.ProcessInstanceAssert.isWaitingAt(ProcessInstanceAssert.java:106)
	at org.camunda.bpm.engine.test.assertions.bpmn.ProcessInstanceAssert.isWaitingAt(ProcessInstanceAssert.java:78)
	at com.junitPoc.hello_junit.ProcessUnitTest.AlternativePath(ProcessUnitTest.java:120)
	at sun.reflect.NativeMethodAccessorImpl.invoke0(Native Method)
	at sun.reflect.NativeMethodAccessorImpl.invoke(NativeMethodAccessorImpl.java:62)
	at sun.reflect.DelegatingMethodAccessorImpl.invoke(DelegatingMethodAccessorImpl.java:43)
	at java.lang.reflect.Method.invoke(Method.java:498)
	at org.junit.runners.model.FrameworkMethod$1.runReflectiveCall(FrameworkMethod.java:59)
	at org.junit.internal.runners.model.ReflectiveCallable.run(ReflectiveCallable.java:12)
	at org.junit.runners.model.FrameworkMethod.invokeExplosively(FrameworkMethod.java:56)
	at org.junit.internal.runners.statements.InvokeMethod.evaluate(InvokeMethod.java:17)
	at org.springframework.test.context.junit4.statements.RunBeforeTestExecutionCallbacks.evaluate(RunBeforeTestExecutionCallbacks.java:74)
	at org.springframework.test.context.junit4.statements.RunAfterTestExecutionCallbacks.evaluate(RunAfterTestExecutionCallbacks.java:84)
	at org.junit.internal.runners.statements.RunBefores.evaluate(RunBefores.java:26)
	at org.springframework.test.context.junit4.statements.RunBeforeTestMethodCallbacks.evaluate(RunBeforeTestMethodCallbacks.java:75)
	at org.springframework.test.context.junit4.statements.RunAfterTestMethodCallbacks.evaluate(RunAfterTestMethodCallbacks.java:86)
	at org.junit.rules.TestWatcher$1.evaluate(TestWatcher.java:61)
	at org.camunda.bpm.engine.test.ProcessEngineRule$1.evaluate(ProcessEngineRule.java:176)
	at org.springframework.test.context.junit4.statements.SpringRepeat.evaluate(SpringRepeat.java:84)
	at org.junit.runners.ParentRunner.runLeaf(ParentRunner.java:366)
	at org.springframework.test.context.junit4.SpringJUnit4ClassRunner.runChild(SpringJUnit4ClassRunner.java:251)
	at org.springframework.test.context.junit4.SpringJUnit4ClassRunner.runChild(SpringJUnit4ClassRunner.java:97)
	at org.junit.runners.ParentRunner$4.run(ParentRunner.java:331)
	at org.junit.runners.ParentRunner$1.schedule(ParentRunner.java:79)
	at org.junit.runners.ParentRunner.runChildren(ParentRunner.java:329)
	at org.junit.runners.ParentRunner.access$100(ParentRunner.java:66)
	at org.junit.runners.ParentRunner$2.evaluate(ParentRunner.java:293)
	at org.springframework.test.context.junit4.statements.RunBeforeTestClassCallbacks.evaluate(RunBeforeTestClassCallbacks.java:61)
	at org.springframework.test.context.junit4.statements.RunAfterTestClassCallbacks.evaluate(RunAfterTestClassCallbacks.java:70)
	at org.junit.runners.ParentRunner$3.evaluate(ParentRunner.java:306)
	at org.junit.runners.ParentRunner.run(ParentRunner.java:413)
	at org.springframework.test.context.junit4.SpringJUnit4ClassRunner.run(SpringJUnit4ClassRunner.java:190)
	at org.apache.maven.surefire.junit4.JUnit4Provider.execute(JUnit4Provider.java:252)
	at org.apache.maven.surefire.junit4.JUnit4Provider.executeTestSet(JUnit4Provider.java:141)
	at org.apache.maven.surefire.junit4.JUnit4Provider.invoke(JUnit4Provider.java:112)
	at sun.reflect.NativeMethodAccessorImpl.invoke0(Native Method)
	at sun.reflect.NativeMethodAccessorImpl.invoke(NativeMethodAccessorImpl.java:62)
	at sun.reflect.DelegatingMethodAccessorImpl.invoke(DelegatingMethodAccessorImpl.java:43)
	at java.lang.reflect.Method.invoke(Method.java:498)
	at org.apache.maven.surefire.util.ReflectionUtils.invokeMethodWithArray(ReflectionUtils.java:189)
	at org.apache.maven.surefire.booter.ProviderFactory$ProviderProxy.invoke(ProviderFactory.java:165)
	at org.apache.maven.surefire.booter.ProviderFactory.invokeProvider(ProviderFactory.java:85)
	at org.apache.maven.surefire.booter.ForkedBooter.runSuitesInProcess(ForkedBooter.java:115)
	at org.apache.maven.surefire.booter.ForkedBooter.main(ForkedBooter.java:75)
</failure>
    <system-out>10:19:16.923 [main] INFO  o.s.b.t.c.SpringBootTestContextBootstrapper - Neither @ContextConfiguration nor @ContextHierarchy found for test class [com.junitPoc.hello_junit.ProcessUnitTest], using SpringBootContextLoader
10:19:16.924 [main] INFO  o.s.t.c.s.AbstractContextLoader - Could not detect default resource locations for test class [com.junitPoc.hello_junit.ProcessUnitTest]: no resource found for suffixes {-context.xml, Context.groovy}.
10:19:16.924 [main] INFO  o.s.t.c.s.AnnotationConfigContextLoaderUtils - Could not detect default configuration classes for test class [com.junitPoc.hello_junit.ProcessUnitTest]: ProcessUnitTest does not declare any static, non-private, non-final, nested classes annotated with @Configuration.
10:19:16.925 [main] INFO  o.s.b.t.c.SpringBootTestContextBootstrapper - Found @SpringBootConfiguration com.junitPoc.hello_junit.CamundaApplication for test class com.junitPoc.hello_junit.ProcessUnitTest
10:19:16.927 [main] INFO  o.s.b.t.c.SpringBootTestContextBootstrapper - Loaded default TestExecutionListener class names from location [META-INF/spring.factories]: [org.springframework.boot.test.mock.mockito.MockitoTestExecutionListener, org.springframework.boot.test.mock.mockito.ResetMocksTestExecutionListener, org.springframework.boot.test.autoconfigure.restdocs.RestDocsTestExecutionListener, org.springframework.boot.test.autoconfigure.web.client.MockRestServiceServerResetTestExecutionListener, org.springframework.boot.test.autoconfigure.web.servlet.MockMvcPrintOnlyOnFailureTestExecutionListener, org.springframework.boot.test.autoconfigure.web.servlet.WebDriverTestExecutionListener, org.springframework.boot.test.autoconfigure.webservices.client.MockWebServiceServerTestExecutionListener, org.springframework.test.context.web.ServletTestExecutionListener, org.springframework.test.context.support.DirtiesContextBeforeModesTestExecutionListener, org.springframework.test.context.event.ApplicationEventsTestExecutionListener, org.springframework.test.context.support.DependencyInjectionTestExecutionListener, org.springframework.test.context.support.DirtiesContextTestExecutionListener, org.springframework.test.context.transaction.TransactionalTestExecutionListener, org.springframework.test.context.jdbc.SqlScriptsTestExecutionListener, org.springframework.test.context.event.EventPublishingTestExecutionListener]
10:19:16.927 [main] INFO  o.s.b.t.c.SpringBootTestContextBootstrapper - Using TestExecutionListeners: [org.springframework.test.context.web.ServletTestExecutionListener@45c408a4, org.springframework.test.context.support.DirtiesContextBeforeModesTestExecutionListener@369a95a5, org.springframework.test.context.event.ApplicationEventsTestExecutionListener@543da15, org.springframework.boot.test.mock.mockito.MockitoTestExecutionListener@69d7bc1a, org.springframework.boot.test.autoconfigure.SpringBootDependencyInjectionTestExecutionListener@cb318ac, org.springframework.test.context.support.DirtiesContextTestExecutionListener@6e668322, org.springframework.test.context.transaction.TransactionalTestExecutionListener@75ee6f89, org.springframework.test.context.jdbc.SqlScriptsTestExecutionListener@210d3a42, org.springframework.test.context.event.EventPublishingTestExecutionListener@356f20b7, org.springframework.boot.test.mock.mockito.ResetMocksTestExecutionListener@6f4adaab, org.springframework.boot.test.autoconfigure.restdocs.RestDocsTestExecutionListener@69de72ec, org.springframework.boot.test.autoconfigure.web.client.MockRestServiceServerResetTestExecutionListener@21c99abf, org.springframework.boot.test.autoconfigure.web.servlet.MockMvcPrintOnlyOnFailureTestExecutionListener@6d6f6ca9, org.springframework.boot.test.autoconfigure.web.servlet.WebDriverTestExecutionListener@54496c2d, org.springframework.boot.test.autoconfigure.webservices.client.MockWebServiceServerTestExecutionListener@4e1a3d5a]
10:19:16.944 [main] WARN  o.c.b.e.p.j.r.TestCoverageProcessEngineRule - CompensationEventCoverageHandler not registered with process engine configuration! Compensation boundary events coverage will not be registered.
10:19:17.235 [main] INFO  o.c.b.e.p.j.r.TestCoverageProcessEngineRule - AlternativePath(com.junitPoc.hello_junit.ProcessUnitTest) failed.
10:19:17.235 [main] DEBUG org.camunda.bpm.engine.test - annotation @Deployment deletes deployment for ProcessUnitTest.AlternativePath
</system-out>
  </testcase>
  <testcase classname="com.junitPoc.hello_junit.ProcessUnitTest" name="DefaultPath" time="0.05">
    <failure message="Expecting org.camunda.bpm.engine.impl.persistence.entity.ProcessInstanceWithVariablesImpl@474619d9 to have passed activities [DefaultPathSequenceFlow] at least once, but actually we instead we found that it passed [StartEvent_1, ExclusiveGateway_1o7j12g, ExclusiveGateway_0tx02at, EndEvent_0gpko41]. (Please make sure you have set the history service of the engine to at least &apos;activity&apos; or a higher level before making use of this assertion!)" type="java.lang.AssertionError">java.lang.AssertionError: Expecting org.camunda.bpm.engine.impl.persistence.entity.ProcessInstanceWithVariablesImpl@474619d9 to have passed activities [DefaultPathSequenceFlow] at least once, but actually we instead we found that it passed [StartEvent_1, ExclusiveGateway_1o7j12g, ExclusiveGateway_0tx02at, EndEvent_0gpko41]. (Please make sure you have set the history service of the engine to at least &apos;activity&apos; or a higher level before making use of this assertion!)
	at org.camunda.bpm.engine.test.assertions.bpmn.ProcessInstanceAssert.hasPassed(ProcessInstanceAssert.java:246)
	at org.camunda.bpm.engine.test.assertions.bpmn.ProcessInstanceAssert.hasPassed(ProcessInstanceAssert.java:190)
	at com.junitPoc.hello_junit.ProcessUnitTest.DefaultPath(ProcessUnitTest.java:95)
	at sun.reflect.NativeMethodAccessorImpl.invoke0(Native Method)
	at sun.reflect.NativeMethodAccessorImpl.invoke(NativeMethodAccessorImpl.java:62)
	at sun.reflect.DelegatingMethodAccessorImpl.invoke(DelegatingMethodAccessorImpl.java:43)
	at java.lang.reflect.Method.invoke(Method.java:498)
	at org.junit.runners.model.FrameworkMethod$1.runReflectiveCall(FrameworkMethod.java:59)
	at org.junit.internal.runners.model.ReflectiveCallable.run(ReflectiveCallable.java:12)
	at org.junit.runners.model.FrameworkMethod.invokeExplosively(FrameworkMethod.java:56)
	at org.junit.internal.runners.statements.InvokeMethod.evaluate(InvokeMethod.java:17)
	at org.springframework.test.context.junit4.statements.RunBeforeTestExecutionCallbacks.evaluate(RunBeforeTestExecutionCallbacks.java:74)
	at org.springframework.test.context.junit4.statements.RunAfterTestExecutionCallbacks.evaluate(RunAfterTestExecutionCallbacks.java:84)
	at org.junit.internal.runners.statements.RunBefores.evaluate(RunBefores.java:26)
	at org.springframework.test.context.junit4.statements.RunBeforeTestMethodCallbacks.evaluate(RunBeforeTestMethodCallbacks.java:75)
	at org.springframework.test.context.junit4.statements.RunAfterTestMethodCallbacks.evaluate(RunAfterTestMethodCallbacks.java:86)
	at org.junit.rules.TestWatcher$1.evaluate(TestWatcher.java:61)
	at org.camunda.bpm.engine.test.ProcessEngineRule$1.evaluate(ProcessEngineRule.java:176)
	at org.springframework.test.context.junit4.statements.SpringRepeat.evaluate(SpringRepeat.java:84)
	at org.junit.runners.ParentRunner.runLeaf(ParentRunner.java:366)
	at org.springframework.test.context.junit4.SpringJUnit4ClassRunner.runChild(SpringJUnit4ClassRunner.java:251)
	at org.springframework.test.context.junit4.SpringJUnit4ClassRunner.runChild(SpringJUnit4ClassRunner.java:97)
	at org.junit.runners.ParentRunner$4.run(ParentRunner.java:331)
	at org.junit.runners.ParentRunner$1.schedule(ParentRunner.java:79)
	at org.junit.runners.ParentRunner.runChildren(ParentRunner.java:329)
	at org.junit.runners.ParentRunner.access$100(ParentRunner.java:66)
	at org.junit.runners.ParentRunner$2.evaluate(ParentRunner.java:293)
	at org.springframework.test.context.junit4.statements.RunBeforeTestClassCallbacks.evaluate(RunBeforeTestClassCallbacks.java:61)
	at org.springframework.test.context.junit4.statements.RunAfterTestClassCallbacks.evaluate(RunAfterTestClassCallbacks.java:70)
	at org.junit.runners.ParentRunner$3.evaluate(ParentRunner.java:306)
	at org.junit.runners.ParentRunner.run(ParentRunner.java:413)
	at org.springframework.test.context.junit4.SpringJUnit4ClassRunner.run(SpringJUnit4ClassRunner.java:190)
	at org.apache.maven.surefire.junit4.JUnit4Provider.execute(JUnit4Provider.java:252)
	at org.apache.maven.surefire.junit4.JUnit4Provider.executeTestSet(JUnit4Provider.java:141)
	at org.apache.maven.surefire.junit4.JUnit4Provider.invoke(JUnit4Provider.java:112)
	at sun.reflect.NativeMethodAccessorImpl.invoke0(Native Method)
	at sun.reflect.NativeMethodAccessorImpl.invoke(NativeMethodAccessorImpl.java:62)
	at sun.reflect.DelegatingMethodAccessorImpl.invoke(DelegatingMethodAccessorImpl.java:43)
	at java.lang.reflect.Method.invoke(Method.java:498)
	at org.apache.maven.surefire.util.ReflectionUtils.invokeMethodWithArray(ReflectionUtils.java:189)
	at org.apache.maven.surefire.booter.ProviderFactory$ProviderProxy.invoke(ProviderFactory.java:165)
	at org.apache.maven.surefire.booter.ProviderFactory.invokeProvider(ProviderFactory.java:85)
	at org.apache.maven.surefire.booter.ForkedBooter.runSuitesInProcess(ForkedBooter.java:115)
	at org.apache.maven.surefire.booter.ForkedBooter.main(ForkedBooter.java:75)
</failure>
    <system-out>10:19:17.241 [main] WARN  o.c.b.e.p.j.r.TestCoverageProcessEngineRule - CompensationEventCoverageHandler not registered with process engine configuration! Compensation boundary events coverage will not be registered.
10:19:17.291 [main] INFO  o.c.b.e.p.j.r.TestCoverageProcessEngineRule - DefaultPath(com.junitPoc.hello_junit.ProcessUnitTest) failed.
10:19:17.291 [main] DEBUG org.camunda.bpm.engine.test - annotation @Deployment deletes deployment for ProcessUnitTest.DefaultPath
</system-out>
  </testcase>
</testsuite>